# JRE version: OpenJDK Runtime Environment (8.0_222-b10) (build 1.8.0_222-b10)
# Java VM: OpenJDK 64-Bit Server VM (25.222-b10 mixed mode windows-amd64 compressed oops)
Heap:
 def new generation   total 38720K, used 33645K [0x00000000a2400000, 0x00000000a4e00000, 0x00000000c1800000)
  eden space 34432K,  90% used [0x00000000a2400000, 0x00000000a4273f40, 0x00000000a45a0000)
  from space 4288K,  57% used [0x00000000a49d0000, 0x00000000a4c37620, 0x00000000a4e00000)
  to   space 4288K,   0% used [0x00000000a45a0000, 0x00000000a45a0000, 0x00000000a49d0000)
 tenured generation   total 86016K, used 3688K [0x00000000c1800000, 0x00000000c6c00000, 0x0000000100000000)
   the space 86016K,   4% used [0x00000000c1800000, 0x00000000c1b9a288, 0x00000000c1b9a400, 0x00000000c6c00000)
 Metaspace       used 12874K, capacity 13102K, committed 13184K, reserved 1060864K
  class space    used 1364K, capacity 1403K, committed 1408K, reserved 1048576K
GC Heap History (6 events):
Event: 0.505 GC heap before
{Heap before GC invocations=0 (full 0):
 def new generation   total 38720K, used 34432K [0x00000000a2400000, 0x00000000a4e00000, 0x00000000c1800000)
  eden space 34432K, 100% used [0x00000000a2400000, 0x00000000a45a0000, 0x00000000a45a0000)
  from space 4288K,   0% used [0x00000000a45a0000, 0x00000000a45a0000, 0x00000000a49d0000)
  to   space 4288K,   0% used [0x00000000a49d0000, 0x00000000a49d0000, 0x00000000a4e00000)
 tenured generation   total 86016K, used 0K [0x00000000c1800000, 0x00000000c6c00000, 0x0000000100000000)
   the space 86016K,   0% used [0x00000000c1800000, 0x00000000c1800000, 0x00000000c1800200, 0x00000000c6c00000)
 Metaspace       used 8619K, capacity 8684K, committed 8960K, reserved 1056768K
  class space    used 930K, capacity 976K, committed 1024K, reserved 1048576K
Event: 0.514 GC heap after
Heap after GC invocations=1 (full 0):
 def new generation   total 38720K, used 4288K [0x00000000a2400000, 0x00000000a4e00000, 0x00000000c1800000)
  eden space 34432K,   0% used [0x00000000a2400000, 0x00000000a2400000, 0x00000000a45a0000)
  from space 4288K, 100% used [0x00000000a49d0000, 0x00000000a4e00000, 0x00000000a4e00000)
  to   space 4288K,   0% used [0x00000000a45a0000, 0x00000000a45a0000, 0x00000000a49d0000)
 tenured generation   total 86016K, used 830K [0x00000000c1800000, 0x00000000c6c00000, 0x0000000100000000)
   the space 86016K,   0% used [0x00000000c1800000, 0x00000000c18cf8b0, 0x00000000c18cfa00, 0x00000000c6c00000)
 Metaspace       used 8619K, capacity 8684K, committed 8960K, reserved 1056768K
  class space    used 930K, capacity 976K, committed 1024K, reserved 1048576K
}
Event: 0.837 GC heap before
{Heap before GC invocations=1 (full 0):
 def new generation   total 38720K, used 38720K [0x00000000a2400000, 0x00000000a4e00000, 0x00000000c1800000)
  eden space 34432K, 100% used [0x00000000a2400000, 0x00000000a45a0000, 0x00000000a45a0000)
  from space 4288K, 100% used [0x00000000a49d0000, 0x00000000a4e00000, 0x00000000a4e00000)
  to   space 4288K,   0% used [0x00000000a45a0000, 0x00000000a45a0000, 0x00000000a49d0000)
 tenured generation   total 86016K, used 830K [0x00000000c1800000, 0x00000000c6c00000, 0x0000000100000000)
   the space 86016K,   0% used [0x00000000c1800000, 0x00000000c18cf8b0, 0x00000000c18cfa00, 0x00000000c6c00000)
 Metaspace       used 11518K, capacity 11720K, committed 11904K, reserved 1060864K
  class space    used 1258K, capacity 1306K, committed 1408K, reserved 1048576K
Event: 0.850 GC heap after
Heap after GC invocations=2 (full 0):
 def new generation   total 38720K, used 4142K [0x00000000a2400000, 0x00000000a4e00000, 0x00000000c1800000)
  eden space 34432K,   0% used [0x00000000a2400000, 0x00000000a2400000, 0x00000000a45a0000)
  from space 4288K,  96% used [0x00000000a45a0000, 0x00000000a49aba00, 0x00000000a49d0000)
  to   space 4288K,   0% used [0x00000000a49d0000, 0x00000000a49d0000, 0x00000000a4e00000)
 tenured generation   total 86016K, used 3003K [0x00000000c1800000, 0x00000000c6c00000, 0x0000000100000000)
   the space 86016K,   3% used [0x00000000c1800000, 0x00000000c1aeeff8, 0x00000000c1aef000, 0x00000000c6c00000)
 Metaspace       used 11518K, capacity 11720K, committed 11904K, reserved 1060864K
  class space    used 1258K, capacity 1306K, committed 1408K, reserved 1048576K
}
Event: 1.211 GC heap before
{Heap before GC invocations=2 (full 0):
 def new generation   total 38720K, used 38574K [0x00000000a2400000, 0x00000000a4e00000, 0x00000000c1800000)
  eden space 34432K, 100% used [0x00000000a2400000, 0x00000000a45a0000, 0x00000000a45a0000)
  from space 4288K,  96% used [0x00000000a45a0000, 0x00000000a49aba00, 0x00000000a49d0000)
  to   space 4288K,   0% used [0x00000000a49d0000, 0x00000000a49d0000, 0x00000000a4e00000)
 tenured generation   total 86016K, used 3003K [0x00000000c1800000, 0x00000000c6c00000, 0x0000000100000000)
   the space 86016K,   3% used [0x00000000c1800000, 0x00000000c1aeeff8, 0x00000000c1aef000, 0x00000000c6c00000)
 Metaspace       used 12720K, capacity 12910K, committed 13184K, reserved 1060864K
  class space    used 1357K, capacity 1403K, committed 1408K, reserved 1048576K
Event: 1.217 GC heap after
Heap after GC invocations=3 (full 0):
 def new generation   total 38720K, used 2461K [0x00000000a2400000, 0x00000000a4e00000, 0x00000000c1800000)
  eden space 34432K,   0% used [0x00000000a2400000, 0x00000000a2400000, 0x00000000a45a0000)
  from space 4288K,  57% used [0x00000000a49d0000, 0x00000000a4c37620, 0x00000000a4e00000)
  to   space 4288K,   0% used [0x00000000a45a0000, 0x00000000a45a0000, 0x00000000a49d0000)
 tenured generation   total 86016K, used 3688K [0x00000000c1800000, 0x00000000c6c00000, 0x0000000100000000)
   the space 86016K,   4% used [0x00000000c1800000, 0x00000000c1b9a288, 0x00000000c1b9a400, 0x00000000c6c00000)
 Metaspace       used 12720K, capacity 12910K, committed 13184K, reserved 1060864K
  class space    used 1357K, capacity 1403K, committed 1408K, reserved 1048576K
}

